make -f /home/pi/overlay_text/allsky/Makefile --dry-run --always-make --keep-going --print-directory
make: Entering directory '/home/pi/I_888_mean_auto'
make[1]: Entering directory '/home/pi/I_888_mean_auto/src'
 
2022-01-21 14:39:19 nothing to do for Makefile
2022-01-21 14:39:19 nothing to do for /home/pi/overlay_text/allsky/Makefile
make[1]: Leaving directory '/home/pi/I_888_mean_auto/src'
make[1]: Entering directory '/home/pi/I_888_mean_auto/config_repo'
2022-01-21 14:39:19 nothing to do for Makefile
2022-01-21 14:39:19 nothing to do for /home/pi/overlay_text/allsky/Makefile
make[1]: Leaving directory '/home/pi/I_888_mean_auto/config_repo'
make[1]: Entering directory '/home/pi/I_888_mean_auto/notification_images'
2022-01-21 14:39:19 nothing to do for Makefile...
2022-01-21 14:39:19 nothing to do for /home/pi/overlay_text/allsky/Makefile...
make[1]: Leaving directory '/home/pi/I_888_mean_auto/notification_images'
make[1]: Entering directory '/home/pi/I_888_mean_auto/scripts'
2022-01-21 14:39:19 nothing to do for Makefile
 
2022-01-21 14:39:19 nothing to do for /home/pi/overlay_text/allsky/Makefile
make[1]: Leaving directory '/home/pi/I_888_mean_auto/scripts'
make -C src all
make -C config_repo all
make -C notification_images all
make -C scripts all
make: Leaving directory '/home/pi/I_888_mean_auto'
 
