make all -f /home/pi/overlay_text/allsky/Makefile --print-data-base --no-builtin-variables --no-builtin-rules --question
# GNU Make 4.2.1
# Built for arm-unknown-linux-gnueabihf
# Copyright (C) 1988-2016 Free Software Foundation, Inc.
# License GPLv3+: GNU GPL version 3 or later <http://gnu.org/licenses/gpl.html>
# This is free software: you are free to change and redistribute it.
# There is NO WARRANTY, to the extent permitted by law.

# Make data base, printed on Fri Jan 21 14:39:20 2022

# Variables

# automatic
<D = $(patsubst %/,%,$(dir $<))
# automatic
?F = $(notdir $?)
# default
.SHELLFLAGS := -c
# environment
XDG_SESSION_CLASS = user
# environment
VSCODE_AGENT_FOLDER = /home/pi/.vscode-server
# environment
XDG_SESSION_TYPE = tty
# environment
VSCODE_LOG_NATIVE = false
# automatic
?D = $(patsubst %/,%,$(dir $?))
# automatic
@D = $(patsubst %/,%,$(dir $@))
# automatic
@F = $(notdir $@)
# default
MAKE_VERSION := 4.2.1
# makefile
CURDIR := /home/pi/I_888_mean_auto
# makefile
SHELL = /bin/sh
# environment
VSCODE_NLS_CONFIG = {"locale":"de","availableLanguages":{"*":"de"},"_languagePackId":"1467f85883ce00c0d77fd1a5b57dda2a.de","_translationsConfigFile":"/home/pi/.vscode-server/data/clp/1467f85883ce00c0d77fd1a5b57dda2a.de/tcf.json","_cacheRoot":"/home/pi/.vscode-server/data/clp/1467f85883ce00c0d77fd1a5b57dda2a.de","_resolvedLanguagePackCoreLocation":"/home/pi/.vscode-server/data/clp/1467f85883ce00c0d77fd1a5b57dda2a.de/899d46d82c4c95423fb7e10e68eba52050e30ba3","_corruptedFile":"/home/pi/.vscode-server/data/clp/1467f85883ce00c0d77fd1a5b57dda2a.de/corrupted.info","_languagePackSupport":true}
# environment
_ = /home/pi/.vscode-server/bin/899d46d82c4c95423fb7e10e68eba52050e30ba3/node
# makefile (from '/home/pi/overlay_text/allsky/Makefile', line 1)
MAKEFILE_LIST :=  /home/pi/overlay_text/allsky/Makefile
# 'override' directive
GNUMAKEFLAGS := 
# environment
DBUS_SESSION_BUS_ADDRESS = unix:path=/run/user/1000/bus
# environment
VSCODE_VERBOSE_LOGGING = true
# environment
VSCODE_CWD = /home/pi
# environment
SSH_CONNECTION = 10.0.0.56 53512 10.0.0.59 22
# environment
PATH = /home/pi/.vscode-server/bin/899d46d82c4c95423fb7e10e68eba52050e30ba3/bin:/home/pi/.local/bin:/usr/local/sbin:/usr/local/bin:/usr/sbin:/usr/bin:/sbin:/bin:/usr/local/games:/usr/games
# environment
XDG_RUNTIME_DIR = /run/user/1000
# environment
TEXTDOMAIN = Linux-PAM
# environment
ALLSKY_HOME = /home/pi/allsky
# makefile (from '/home/pi/overlay_text/allsky/Makefile', line 7)
libexecdir = ${exec_prefix}/libexec/allsky
# makefile (from '/home/pi/overlay_text/allsky/Makefile', line 4)
sysconfdir = ${prefix}/etc
# environment
VSCODE_LOG_STACK = false
# environment
VSCODE_IPC_HOOK_CLI = /run/user/1000/vscode-ipc-83de4ec8-3b9c-4a0e-81a9-e6a02ba180ae.sock
# default
.FEATURES := target-specific order-only second-expansion else-if shortest-stem undefine oneshell archives jobserver output-sync check-symlink load
# environment
LS_COLORS = 
# automatic
%F = $(notdir $%)
# makefile (from '/home/pi/overlay_text/allsky/Makefile', line 5)
exec_prefix = /usr
# environment
VSCODE_PIPE_LOGGING = true
# environment
PWD = /home/pi/I_888_mean_auto
# makefile (from '/home/pi/overlay_text/allsky/Makefile', line 6)
bindir = ${exec_prefix}/bin
# default
.LOADED := 
# automatic
*D = $(patsubst %/,%,$(dir $*))
# makefile (from '/home/pi/overlay_text/allsky/Makefile', line 20)
PKGBUILD = 0
# environment
VSCODE_AMD_ENTRYPOINT = vs/server/remoteExtensionHostProcess
# environment
HOME = /home/pi
# environment
LOGNAME = pi
# makefile (from '/home/pi/overlay_text/allsky/Makefile', line 12)
ROOTCHECK = $(shell id -u)
# environment
APPLICATION_INSIGHTS_NO_DIAGNOSTIC_CHANNEL = true
# automatic
+F = $(notdir $+)
# makefile (from '/home/pi/overlay_text/allsky/Makefile', line 1)
platform = $(shell uname -m)
# environment
VSCODE_HANDLES_UNCAUGHT_ERRORS = true
# automatic
^D = $(patsubst %/,%,$(dir $^))
# environment
MAKELEVEL := 0
# default
MAKE = $(MAKE_COMMAND)
# default
MAKECMDGOALS := all
# environment
SHLVL = 0
# environment
XDG_SESSION_ID = 775
# environment
USER = pi
# makefile (from '/home/pi/overlay_text/allsky/Makefile', line 10)
.DEFAULT_GOAL := all
# automatic
%D = $(patsubst %/,%,$(dir $%))
# default
MAKE_COMMAND := make
# makefile (from '/home/pi/overlay_text/allsky/Makefile', line 2)
prefix = 
# default
.VARIABLES := 
# automatic
*F = $(notdir $*)
# environment
LANGUAGE = de_AT.UTF-8
# makefile
MAKEFLAGS = pqrR
# environment
MFLAGS = -pqrR
# environment
SSH_CLIENT = 10.0.0.56 53512 22
# environment
MAIL = /var/mail/pi
# automatic
+D = $(patsubst %/,%,$(dir $+))
# environment
BROWSER = /home/pi/.vscode-server/bin/899d46d82c4c95423fb7e10e68eba52050e30ba3/bin/helpers/browser.sh
# environment
NO_AT_BRIDGE = 1
# 'override' directive
.SHELLSTATUS := 0
# default
MAKEFILES := 
# automatic
<F = $(notdir $<)
# environment
LC_ALL = C
# automatic
^F = $(notdir $^)
# default
SUFFIXES := 
# default
.INCLUDE_DIRS = /usr/include /usr/local/include /usr/include
# environment
VSCODE_INJECT_NODE_MODULE_LOOKUP_PATH = /home/pi/.vscode-server/bin/899d46d82c4c95423fb7e10e68eba52050e30ba3/remote/node_modules
# default
.RECIPEPREFIX := 
# default
MAKE_HOST := arm-unknown-linux-gnueabihf
# environment
LANG = C
# environment
VSCODE_EXTHOST_WILL_SEND_SOCKET = true
# makefile (from '/home/pi/overlay_text/allsky/Makefile', line 8)
sharedir = ${exec_prefix}/share/allsky
# variable set hash-table stats:
# Load=81/1024=8%, Rehash=0, Collisions=11/120=9%

# Pattern-specific Variable Values

# No pattern-specific variable values.

# Directories


# No files, no impossibilities in 0 directories.

# Implicit Rules

%:
#  recipe to execute (from '/home/pi/overlay_text/allsky/Makefile', line 24):
	@make -C src $@
	@make -C config_repo $@
	@make -C notification_images $@
	@make -C scripts $@

# 1 implicit rules, 0 (0.0%) terminal.

# Files

all:
#  Command line target.
#  Implicit rule search has been done.
#  Implicit/static pattern stem: 'all'
#  File does not exist.
#  File has been updated.
#  Needs to be updated (-q is set).
# automatic
# @ := all
# automatic
# % := 
# automatic
# * := all
# automatic
# + := 
# automatic
# | := 
# automatic
# < := 
# automatic
# ^ := 
# automatic
# ? := 
# variable set hash-table stats:
# Load=8/32=25%, Rehash=0, Collisions=1/15=7%
#  recipe to execute (from '/home/pi/overlay_text/allsky/Makefile', line 24):
	@make -C src $@
	@make -C config_repo $@
	@make -C notification_images $@
	@make -C scripts $@

.PHONY: deps install
#  Implicit rule search has not been done.
#  Modification time never checked.
#  File has not been updated.

deps:
#  Phony target (prerequisite of .PHONY).
#  Implicit rule search has not been done.
#  File does not exist.
#  File has not been updated.
#  recipe to execute (from '/home/pi/overlay_text/allsky/Makefile', line 30):
	@make -C src $@

# Not a target:
.DEFAULT:
#  Implicit rule search has not been done.
#  Modification time never checked.
#  File has not been updated.

/home/pi/overlay_text/allsky/Makefile:
#  Implicit rule search has been done.
#  Implicit/static pattern stem: '/home/pi/overlay_text/allsky/Makefile'
#  Last modified 2021-12-10 15:42:58.686050604
#  File has been updated.
#  Successfully updated.
#  recipe to execute (from '/home/pi/overlay_text/allsky/Makefile', line 24):
	@make -C src $@
	@make -C config_repo $@
	@make -C notification_images $@
	@make -C scripts $@

install:
#  Phony target (prerequisite of .PHONY).
#  Implicit rule search has not been done.
#  File does not exist.
#  File has not been updated.
#  recipe to execute (from '/home/pi/overlay_text/allsky/Makefile', line 36):
	@echo This must be run with root permissions.
	@echo Please run \'sudo make install\'

# files hash-table stats:
# Load=7/1024=1%, Rehash=0, Collisions=0/22=0%
# VPATH Search Paths

# No 'vpath' search paths.

# No general ('VPATH' variable) search path.

# strcache buffers: 1 (0) / strings = 10 / storage = 115 B / avg = 11 B
# current buf: size = 8174 B / used = 115 B / count = 10 / avg = 11 B

# strcache performance: lookups = 22 / hit rate = 54%
# hash-table stats:
# Load=10/8192=0%, Rehash=0, Collisions=0/22=0%
# Finished Make data base on Fri Jan 21 14:39:20 2022

 
